<?xml version="1.0" encoding="UTF-8"?>
<testng-results ignored="0" total="2" passed="2" failed="0" skipped="0">
  <reporter-output>
    <line>
      <![CDATA[Opened HRMS application in Firefox Browser]]>
    </line>
    <line>
      <![CDATA[Opened HRMS application in Firefox Browser]]>
    </line>
  </reporter-output>
  <suite started-at="2023-12-27T23:36:35 IST" name="ParallelSuite" finished-at="2023-12-27T23:37:23 IST" duration-ms="47707">
    <groups>
    </groups>
    <test started-at="2023-12-27T23:36:35 IST" name="ParallelTest" finished-at="2023-12-27T23:37:10 IST" duration-ms="34711">
      <class name="TestNG.TC_ParallelTest">
        <test-method is-config="true" signature="setUp(java.lang.String)[pri:0, instance:TestNG.TC_ParallelTest@47987356]" started-at="2023-12-27T23:36:35 IST" name="setUp" finished-at="2023-12-27T23:36:59 IST" duration-ms="23900" status="PASS">
          <params>
            <param index="0">
              <value>
                <![CDATA[Firefox]]>
              </value>
            </param>
          </params>
          <reporter-output>
          </reporter-output>
        </test-method> <!-- setUp -->
        <test-method signature="openFF()[pri:0, instance:TestNG.TC_ParallelTest@47987356]" started-at="2023-12-27T23:36:59 IST" name="openFF" finished-at="2023-12-27T23:37:08 IST" duration-ms="9118" status="PASS">
          <reporter-output>
            <line>
              <![CDATA[Opened HRMS application in Firefox Browser]]>
            </line>
          </reporter-output>
        </test-method> <!-- openFF -->
        <test-method is-config="true" signature="tearDown()[pri:0, instance:TestNG.TC_ParallelTest@47987356]" started-at="2023-12-27T23:37:08 IST" name="tearDown" finished-at="2023-12-27T23:37:10 IST" duration-ms="1630" status="PASS">
          <reporter-output>
          </reporter-output>
        </test-method> <!-- tearDown -->
      </class> <!-- TestNG.TC_ParallelTest -->
    </test> <!-- ParallelTest -->
    <test started-at="2023-12-27T23:37:10 IST" name="ParallelTest1" finished-at="2023-12-27T23:37:23 IST" duration-ms="12849">
      <class name="TestNG.TC_ParallelTest">
        <test-method is-config="true" signature="setUp(java.lang.String)[pri:0, instance:TestNG.TC_ParallelTest@7db12bb6]" started-at="2023-12-27T23:37:10 IST" name="setUp" finished-at="2023-12-27T23:37:12 IST" duration-ms="1828" status="PASS">
          <params>
            <param index="0">
              <value>
                <![CDATA[Chrome]]>
              </value>
            </param>
          </params>
          <reporter-output>
          </reporter-output>
        </test-method> <!-- setUp -->
        <test-method signature="openFF()[pri:0, instance:TestNG.TC_ParallelTest@7db12bb6]" started-at="2023-12-27T23:37:12 IST" name="openFF" finished-at="2023-12-27T23:37:22 IST" duration-ms="10718" status="PASS">
          <reporter-output>
            <line>
              <![CDATA[Opened HRMS application in Firefox Browser]]>
            </line>
          </reporter-output>
        </test-method> <!-- openFF -->
        <test-method is-config="true" signature="tearDown()[pri:0, instance:TestNG.TC_ParallelTest@7db12bb6]" started-at="2023-12-27T23:37:22 IST" name="tearDown" finished-at="2023-12-27T23:37:23 IST" duration-ms="296" status="PASS">
          <reporter-output>
          </reporter-output>
        </test-method> <!-- tearDown -->
      </class> <!-- TestNG.TC_ParallelTest -->
    </test> <!-- ParallelTest1 -->
  </suite> <!-- ParallelSuite -->
</testng-results>
