<?xml version="1.0" encoding="UTF-8"?>
<!-- Generated by org.testng.reporters.JUnitXMLReporter -->
<testsuite ignored="0" hostname="MLBMYSL-108528" failures="0" tests="4" name="Test" time="0.246" errors="0" timestamp="2023-12-20T18:23:36 IST">
  <testcase classname="TestNG.AnnontationsOrder" name="testCase1" time="0.03"/>
  <testcase classname="TestNG.AnnontationsOrder" name="testCase2" time="0.004"/>
  <testcase classname="TestNG.TC_TestNG1" name="login" time="0.004"/>
  <testcase classname="TestNG.TC_TestNG1" name="logout" time="0.005"/>
</testsuite> <!-- Test -->
